<?xml version="1.0" encoding="UTF-8"?>
<testng-results ignored="0" total="3" passed="3" failed="0" skipped="0">
  <reporter-output>
  </reporter-output>
  <suite started-at="2023-10-19T19:53:29 EDT" name="Cross Browser Testing" finished-at="2023-10-19T19:54:20 EDT" duration-ms="51740">
    <groups>
    </groups>
    <test started-at="2023-10-19T19:53:29 EDT" name="Firefox Browser Test" finished-at="2023-10-19T19:53:50 EDT" duration-ms="21005">
      <class name="integration.NegativeParameterisedTest">
        <test-method is-config="true" signature="setUp(java.lang.String)[pri:0, instance:integration.NegativeParameterisedTest@48e4374]" started-at="2023-10-19T19:53:29 EDT" name="setUp" finished-at="2023-10-19T19:53:38 EDT" duration-ms="8984" status="PASS">
          <params>
            <param index="0">
              <value>
                <![CDATA[firefox]]>
              </value>
            </param>
          </params>
          <reporter-output>
          </reporter-output>
        </test-method> <!-- setUp -->
        <test-method signature="loginWithIncorrectPasswordTest()[pri:0, instance:integration.NegativeParameterisedTest@48e4374]" started-at="2023-10-19T19:53:38 EDT" name="loginWithIncorrectPasswordTest" finished-at="2023-10-19T19:53:46 EDT" duration-ms="8415" status="PASS">
          <reporter-output>
          </reporter-output>
        </test-method> <!-- loginWithIncorrectPasswordTest -->
        <test-method is-config="true" signature="tearDown()[pri:0, instance:integration.NegativeParameterisedTest@48e4374]" started-at="2023-10-19T19:53:46 EDT" name="tearDown" finished-at="2023-10-19T19:53:50 EDT" duration-ms="3551" status="PASS">
          <reporter-output>
          </reporter-output>
        </test-method> <!-- tearDown -->
      </class> <!-- integration.NegativeParameterisedTest -->
    </test> <!-- Firefox Browser Test -->
    <test started-at="2023-10-19T19:53:50 EDT" name="Edge Browser Test" finished-at="2023-10-19T19:54:06 EDT" duration-ms="16356">
      <class name="integration.NegativeParameterisedTest">
        <test-method is-config="true" signature="setUp(java.lang.String)[pri:0, instance:integration.NegativeParameterisedTest@6e171cd7]" started-at="2023-10-19T19:53:50 EDT" name="setUp" finished-at="2023-10-19T19:53:55 EDT" duration-ms="5520" status="PASS">
          <params>
            <param index="0">
              <value>
                <![CDATA[edge]]>
              </value>
            </param>
          </params>
          <reporter-output>
          </reporter-output>
        </test-method> <!-- setUp -->
        <test-method signature="loginWithIncorrectPasswordTest()[pri:0, instance:integration.NegativeParameterisedTest@6e171cd7]" started-at="2023-10-19T19:53:55 EDT" name="loginWithIncorrectPasswordTest" finished-at="2023-10-19T19:54:04 EDT" duration-ms="8549" status="PASS">
          <reporter-output>
          </reporter-output>
        </test-method> <!-- loginWithIncorrectPasswordTest -->
        <test-method is-config="true" signature="tearDown()[pri:0, instance:integration.NegativeParameterisedTest@6e171cd7]" started-at="2023-10-19T19:54:04 EDT" name="tearDown" finished-at="2023-10-19T19:54:06 EDT" duration-ms="2284" status="PASS">
          <reporter-output>
          </reporter-output>
        </test-method> <!-- tearDown -->
      </class> <!-- integration.NegativeParameterisedTest -->
    </test> <!-- Edge Browser Test -->
    <test started-at="2023-10-19T19:54:06 EDT" name="Chrome Browser Test" finished-at="2023-10-19T19:54:20 EDT" duration-ms="14362">
      <class name="integration.NegativeParameterisedTest">
        <test-method is-config="true" signature="setUp(java.lang.String)[pri:0, instance:integration.NegativeParameterisedTest@123ef382]" started-at="2023-10-19T19:54:06 EDT" name="setUp" finished-at="2023-10-19T19:54:10 EDT" duration-ms="3699" status="PASS">
          <params>
            <param index="0">
              <value>
                <![CDATA[chrome]]>
              </value>
            </param>
          </params>
          <reporter-output>
          </reporter-output>
        </test-method> <!-- setUp -->
        <test-method signature="loginWithIncorrectPasswordTest()[pri:0, instance:integration.NegativeParameterisedTest@123ef382]" started-at="2023-10-19T19:54:10 EDT" name="loginWithIncorrectPasswordTest" finished-at="2023-10-19T19:54:18 EDT" duration-ms="8471" status="PASS">
          <reporter-output>
          </reporter-output>
        </test-method> <!-- loginWithIncorrectPasswordTest -->
        <test-method is-config="true" signature="tearDown()[pri:0, instance:integration.NegativeParameterisedTest@123ef382]" started-at="2023-10-19T19:54:18 EDT" name="tearDown" finished-at="2023-10-19T19:54:20 EDT" duration-ms="2189" status="PASS">
          <reporter-output>
          </reporter-output>
        </test-method> <!-- tearDown -->
      </class> <!-- integration.NegativeParameterisedTest -->
    </test> <!-- Chrome Browser Test -->
  </suite> <!-- Cross Browser Testing -->
</testng-results>
